0 info it worked if it ends with ok
1 verbose cli [ '/usr/local/Cellar/node/8.1.2/bin/node',
1 verbose cli   '/usr/local/bin/npm',
1 verbose cli   'publish',
1 verbose cli   '--tag',
1 verbose cli   'latest' ]
2 info using npm@4.1.2
3 info using node@v8.1.2
4 verbose publish [ '.' ]
5 verbose stack Error: Invalid version: "null-alpha.7112e02d"
5 verbose stack     at Object.fixVersionField (/usr/local/Cellar/node/7.5.0/libexec/npm/lib/node_modules/npm/node_modules/normalize-package-data/lib/fixer.js:191:13)
5 verbose stack     at /usr/local/Cellar/node/7.5.0/libexec/npm/lib/node_modules/npm/node_modules/normalize-package-data/lib/normalize.js:32:38
5 verbose stack     at Array.forEach (native)
5 verbose stack     at normalize (/usr/local/Cellar/node/7.5.0/libexec/npm/lib/node_modules/npm/node_modules/normalize-package-data/lib/normalize.js:31:15)
5 verbose stack     at final (/usr/local/Cellar/node/7.5.0/libexec/npm/lib/node_modules/npm/node_modules/read-package-json/read-json.js:349:5)
5 verbose stack     at then (/usr/local/Cellar/node/7.5.0/libexec/npm/lib/node_modules/npm/node_modules/read-package-json/read-json.js:124:5)
5 verbose stack     at ReadFileContext.<anonymous> (/usr/local/Cellar/node/7.5.0/libexec/npm/lib/node_modules/npm/node_modules/read-package-json/read-json.js:295:20)
5 verbose stack     at ReadFileContext.callback (/usr/local/Cellar/node/7.5.0/libexec/npm/lib/node_modules/npm/node_modules/graceful-fs/graceful-fs.js:78:16)
5 verbose stack     at FSReqWrap.readFileAfterOpen [as oncomplete] (fs.js:419:13)
6 verbose cwd /development/pge/digital-catalyst/test/lerna-test/packages/project1
7 error Darwin 16.6.0
8 error argv "/usr/local/Cellar/node/8.1.2/bin/node" "/usr/local/bin/npm" "publish" "--tag" "latest"
9 error node v8.1.2
10 error npm  v4.1.2
11 error Invalid version: "null-alpha.7112e02d"
12 error If you need help, you may report this error at:
12 error     <https://github.com/npm/npm/issues>
13 verbose exit [ 1, true ]
